<?xml version="1.0" encoding="UTF-8"?>
<testng-results ignored="0" total="1" passed="1" failed="0" skipped="0">
  <reporter-output>
  </reporter-output>
  <suite started-at="2020-04-29T19:10:01Z" name="Default suite" finished-at="2020-04-29T19:12:29Z" duration-ms="148095">
    <groups>
    </groups>
    <test started-at="2020-04-29T19:10:01Z" name="Default test" finished-at="2020-04-29T19:12:29Z" duration-ms="148095">
      <class name="com.assessment.SeleniumTest.A3_TC001">
        <test-method signature="TestMethod()[pri:0, instance:com.assessment.SeleniumTest.A3_TC001@16eb3ea3]" started-at="2020-04-29T19:10:01Z" name="TestMethod" finished-at="2020-04-29T19:12:29Z" duration-ms="147903" status="PASS">
          <reporter-output>
          </reporter-output>
        </test-method> <!-- TestMethod -->
      </class> <!-- com.assessment.SeleniumTest.A3_TC001 -->
    </test> <!-- Default test -->
  </suite> <!-- Default suite -->
</testng-results>
